<?xml version="1.0" encoding="UTF-8"?>
<!-- Generated by org.testng.reporters.JUnitReportReporter -->
<testsuite hostname="services-MacBook-Pro.local" failures="0" tests="1" name="adukLogin.loginWithValidCredentials" time="0.000" errors="0" timestamp="2022-06-16T15:01:04 BST" skipped="1">
  <testcase classname="adukLogin.loginWithValidCredentials" name="validCredentialsLogin" time="0.000">
    <skipped/>
  </testcase> <!-- validCredentialsLogin -->
  <system-out/>
</testsuite> <!-- adukLogin.loginWithValidCredentials -->
